Pig Stack Trace
---------------
ERROR 2081: Unable to setup the load function.

org.apache.pig.impl.logicalLayer.FrontendException: ERROR 1066: Unable to open iterator for alias B
	at org.apache.pig.PigServer.openIterator(PigServer.java:935)
	at org.apache.pig.tools.grunt.GruntParser.processDump(GruntParser.java:746)
	at org.apache.pig.tools.pigscript.parser.PigScriptParser.parse(PigScriptParser.java:372)
	at org.apache.pig.tools.grunt.GruntParser.parseStopOnError(GruntParser.java:230)
	at org.apache.pig.tools.grunt.GruntParser.parseStopOnError(GruntParser.java:205)
	at org.apache.pig.tools.grunt.Grunt.run(Grunt.java:66)
	at org.apache.pig.Main.run(Main.java:558)
	at org.apache.pig.Main.main(Main.java:170)
	at sun.reflect.NativeMethodAccessorImpl.invoke0(Native Method)
	at sun.reflect.NativeMethodAccessorImpl.invoke(NativeMethodAccessorImpl.java:57)
	at sun.reflect.DelegatingMethodAccessorImpl.invoke(DelegatingMethodAccessorImpl.java:43)
	at java.lang.reflect.Method.invoke(Method.java:606)
	at org.apache.hadoop.util.RunJar.run(RunJar.java:221)
	at org.apache.hadoop.util.RunJar.main(RunJar.java:136)
Caused by: org.apache.pig.PigException: ERROR 1002: Unable to store alias B
	at org.apache.pig.PigServer.storeEx(PigServer.java:1038)
	at org.apache.pig.PigServer.store(PigServer.java:997)
	at org.apache.pig.PigServer.openIterator(PigServer.java:910)
	... 13 more
Caused by: org.apache.pig.backend.executionengine.ExecException: ERROR 0: Exception while executing (Name: B: Store(hdfs://namenode:8020/tmp/temp-233878094/tmp835445376:org.apache.pig.impl.io.InterStorage) - scope-2 Operator Key: scope-2): org.apache.pig.backend.executionengine.ExecException: ERROR 0: Exception while executing (Name: B: Limit - scope-1 Operator Key: scope-1): org.apache.pig.backend.executionengine.ExecException: ERROR 2081: Unable to setup the load function.
	at org.apache.pig.backend.hadoop.executionengine.physicalLayer.PhysicalOperator.processInput(PhysicalOperator.java:316)
	at org.apache.pig.backend.hadoop.executionengine.physicalLayer.relationalOperators.POStore.getNextTuple(POStore.java:159)
	at org.apache.pig.backend.hadoop.executionengine.fetch.FetchLauncher.runPipeline(FetchLauncher.java:161)
	at org.apache.pig.backend.hadoop.executionengine.fetch.FetchLauncher.launchPig(FetchLauncher.java:81)
	at org.apache.pig.backend.hadoop.executionengine.HExecutionEngine.launchPig(HExecutionEngine.java:278)
	at org.apache.pig.PigServer.launchPlan(PigServer.java:1390)
	at org.apache.pig.PigServer.executeCompiledLogicalPlan(PigServer.java:1375)
	at org.apache.pig.PigServer.storeEx(PigServer.java:1034)
	... 15 more
Caused by: org.apache.pig.backend.executionengine.ExecException: ERROR 0: Exception while executing (Name: B: Limit - scope-1 Operator Key: scope-1): org.apache.pig.backend.executionengine.ExecException: ERROR 2081: Unable to setup the load function.
	at org.apache.pig.backend.hadoop.executionengine.physicalLayer.PhysicalOperator.processInput(PhysicalOperator.java:316)
	at org.apache.pig.backend.hadoop.executionengine.physicalLayer.relationalOperators.POLimit.getNextTuple(POLimit.java:122)
	at org.apache.pig.backend.hadoop.executionengine.physicalLayer.PhysicalOperator.processInput(PhysicalOperator.java:307)
	... 22 more
Caused by: org.apache.pig.backend.executionengine.ExecException: ERROR 2081: Unable to setup the load function.
	at org.apache.pig.backend.hadoop.executionengine.physicalLayer.relationalOperators.POLoad.getNextTuple(POLoad.java:131)
	at org.apache.pig.backend.hadoop.executionengine.physicalLayer.PhysicalOperator.processInput(PhysicalOperator.java:307)
	... 24 more
Caused by: org.apache.hadoop.mapreduce.lib.input.InvalidInputException: Input path does not exist: hdfs://namenode:8020/user/horton/flight_delays1.csv
	at org.apache.hadoop.mapreduce.lib.input.FileInputFormat.singleThreadedListStatus(FileInputFormat.java:321)
	at org.apache.hadoop.mapreduce.lib.input.FileInputFormat.listStatus(FileInputFormat.java:264)
	at org.apache.pig.backend.hadoop.executionengine.mapReduceLayer.PigTextInputFormat.listStatus(PigTextInputFormat.java:36)
	at org.apache.hadoop.mapreduce.lib.input.FileInputFormat.getSplits(FileInputFormat.java:385)
	at org.apache.pig.impl.io.ReadToEndLoader.init(ReadToEndLoader.java:190)
	at org.apache.pig.impl.io.ReadToEndLoader.<init>(ReadToEndLoader.java:146)
	at org.apache.pig.backend.hadoop.executionengine.physicalLayer.relationalOperators.POLoad.setUp(POLoad.java:99)
	at org.apache.pig.backend.hadoop.executionengine.physicalLayer.relationalOperators.POLoad.getNextTuple(POLoad.java:127)
	... 25 more
================================================================================
Backend error message
---------------------
Backend error message
---------------------
Error: org.apache.pig.backend.executionengine.ExecException: ERROR 0: Exception while executing [POProject (Name: Project[bytearray][0] - scope-102 Operator Key: scope-102) children: null at []]: java.lang.ClassCastException: org.apache.pig.data.DataByteArray cannot be cast to org.apache.pig.data.Tuple
	at org.apache.pig.backend.hadoop.executionengine.physicalLayer.PhysicalOperator.getNext(PhysicalOperator.java:366)
	at org.apache.pig.backend.hadoop.executionengine.physicalLayer.relationalOperators.POForEach.processPlan(POForEach.java:383)
	at org.apache.pig.backend.hadoop.executionengine.physicalLayer.relationalOperators.POForEach.getNextTuple(POForEach.java:303)
	at org.apache.pig.backend.hadoop.executionengine.mapReduceLayer.PigGenericMapReduce$Reduce.runPipeline(PigGenericMapReduce.java:478)
	at org.apache.pig.backend.hadoop.executionengine.mapReduceLayer.PigGenericMapReduce$Reduce.processOnePackageOutput(PigGenericMapReduce.java:446)
	at org.apache.pig.backend.hadoop.executionengine.mapReduceLayer.PigGenericMapReduce$Reduce.reduce(PigGenericMapReduce.java:426)
	at org.apache.pig.backend.hadoop.executionengine.mapReduceLayer.PigGenericMapReduce$Reduce.reduce(PigGenericMapReduce.java:269)
	at org.apache.hadoop.mapreduce.Reducer.run(Reducer.java:171)
	at org.apache.hadoop.mapred.ReduceTask.runNewReducer(ReduceTask.java:627)
	at org.apache.hadoop.mapred.ReduceTask.run(ReduceTask.java:389)
	at org.apache.hadoop.mapred.YarnChild$2.run(YarnChild.java:163)
	at java.security.AccessController.doPrivileged(Native Method)
	at javax.security.auth.Subject.doAs(Subject.java:415)
	at org.apache.hadoop.security.UserGroupInformation.doAs(UserGroupInformation.java:1628)
	at org.apache.hadoop.mapred.YarnChild.main(YarnChild.java:158)
Caused by: java.lang.ClassCastException: org.apache.pig.data.DataByteArray cannot be cast to org.apache.pig.data.Tuple
	at org.apache.pig.backend.hadoop.executionengine.physicalLayer.expressionOperators.POProject.getNextTuple(POProject.java:475)
	at org.apache.pig.backend.hadoop.executionengine.physicalLayer.PhysicalOperator.processInput(PhysicalOperator.java:307)
	at org.apache.pig.backend.hadoop.executionengine.physicalLayer.expressionOperators.POProject.getNext(POProject.java:156)
	at org.apache.pig.backend.hadoop.executionengine.physicalLayer.expressionOperators.POProject.getNextDataByteArray(POProject.java:338)
	at org.apache.pig.backend.hadoop.executionengine.physicalLayer.PhysicalOperator.getNext(PhysicalOperator.java:341)
	... 14 more

Pig Stack Trace
---------------
ERROR 1066: Unable to open iterator for alias D. Backend error : org.apache.pig.backend.executionengine.ExecException: ERROR 0: Exception while executing [POProject (Name: Project[bytearray][0] - scope-102 Operator Key: scope-102) children: null at []]: java.lang.ClassCastException: org.apache.pig.data.DataByteArray cannot be cast to org.apache.pig.data.Tuple

org.apache.pig.impl.logicalLayer.FrontendException: ERROR 1066: Unable to open iterator for alias D. Backend error : org.apache.pig.backend.executionengine.ExecException: ERROR 0: Exception while executing [POProject (Name: Project[bytearray][0] - scope-102 Operator Key: scope-102) children: null at []]: java.lang.ClassCastException: org.apache.pig.data.DataByteArray cannot be cast to org.apache.pig.data.Tuple
	at org.apache.pig.PigServer.openIterator(PigServer.java:925)
	at org.apache.pig.tools.grunt.GruntParser.processDump(GruntParser.java:746)
	at org.apache.pig.tools.pigscript.parser.PigScriptParser.parse(PigScriptParser.java:372)
	at org.apache.pig.tools.grunt.GruntParser.parseStopOnError(GruntParser.java:230)
	at org.apache.pig.tools.grunt.GruntParser.parseStopOnError(GruntParser.java:205)
	at org.apache.pig.tools.grunt.Grunt.run(Grunt.java:66)
	at org.apache.pig.Main.run(Main.java:558)
	at org.apache.pig.Main.main(Main.java:170)
	at sun.reflect.NativeMethodAccessorImpl.invoke0(Native Method)
	at sun.reflect.NativeMethodAccessorImpl.invoke(NativeMethodAccessorImpl.java:57)
	at sun.reflect.DelegatingMethodAccessorImpl.invoke(DelegatingMethodAccessorImpl.java:43)
	at java.lang.reflect.Method.invoke(Method.java:606)
	at org.apache.hadoop.util.RunJar.run(RunJar.java:221)
	at org.apache.hadoop.util.RunJar.main(RunJar.java:136)
Caused by: org.apache.pig.backend.executionengine.ExecException: ERROR 0: org.apache.pig.backend.executionengine.ExecException: ERROR 0: Exception while executing [POProject (Name: Project[bytearray][0] - scope-102 Operator Key: scope-102) children: null at []]: java.lang.ClassCastException: org.apache.pig.data.DataByteArray cannot be cast to org.apache.pig.data.Tuple
	at org.apache.pig.backend.hadoop.executionengine.mapReduceLayer.MapReduceLauncher.getStats(MapReduceLauncher.java:819)
	at org.apache.pig.backend.hadoop.executionengine.mapReduceLayer.MapReduceLauncher.launchPig(MapReduceLauncher.java:452)
	at org.apache.pig.backend.hadoop.executionengine.HExecutionEngine.launchPig(HExecutionEngine.java:280)
	at org.apache.pig.PigServer.launchPlan(PigServer.java:1390)
	at org.apache.pig.PigServer.executeCompiledLogicalPlan(PigServer.java:1375)
	at org.apache.pig.PigServer.storeEx(PigServer.java:1034)
	at org.apache.pig.PigServer.store(PigServer.java:997)
	at org.apache.pig.PigServer.openIterator(PigServer.java:910)
	... 13 more
Caused by: org.apache.pig.backend.executionengine.ExecException: ERROR 0: Exception while executing [POProject (Name: Project[bytearray][0] - scope-102 Operator Key: scope-102) children: null at []]: java.lang.ClassCastException: org.apache.pig.data.DataByteArray cannot be cast to org.apache.pig.data.Tuple
	at org.apache.pig.backend.hadoop.executionengine.physicalLayer.PhysicalOperator.getNext(PhysicalOperator.java:366)
	at org.apache.pig.backend.hadoop.executionengine.physicalLayer.relationalOperators.POForEach.processPlan(POForEach.java:383)
	at org.apache.pig.backend.hadoop.executionengine.physicalLayer.relationalOperators.POForEach.getNextTuple(POForEach.java:303)
	at org.apache.pig.backend.hadoop.executionengine.mapReduceLayer.PigGenericMapReduce$Reduce.runPipeline(PigGenericMapReduce.java:478)
	at org.apache.pig.backend.hadoop.executionengine.mapReduceLayer.PigGenericMapReduce$Reduce.processOnePackageOutput(PigGenericMapReduce.java:446)
	at org.apache.pig.backend.hadoop.executionengine.mapReduceLayer.PigGenericMapReduce$Reduce.reduce(PigGenericMapReduce.java:426)
	at org.apache.pig.backend.hadoop.executionengine.mapReduceLayer.PigGenericMapReduce$Reduce.reduce(PigGenericMapReduce.java:269)
	at org.apache.hadoop.mapreduce.Reducer.run(Reducer.java:171)
	at org.apache.hadoop.mapred.ReduceTask.runNewReducer(ReduceTask.java:627)
	at org.apache.hadoop.mapred.ReduceTask.run(ReduceTask.java:389)
	at org.apache.hadoop.mapred.YarnChild$2.run(YarnChild.java:163)
	at java.security.AccessController.doPrivileged(Native Method)
	at javax.security.auth.Subject.doAs(Subject.java:415)
	at org.apache.hadoop.security.UserGroupInformation.doAs(UserGroupInformation.java:1628)
	at org.apache.hadoop.mapred.YarnChild.main(YarnChild.java:158)
Caused by: java.lang.ClassCastException: org.apache.pig.data.DataByteArray cannot be cast to org.apache.pig.data.Tuple
	at org.apache.pig.backend.hadoop.executionengine.physicalLayer.expressionOperators.POProject.getNextTuple(POProject.java:475)
	at org.apache.pig.backend.hadoop.executionengine.physicalLayer.PhysicalOperator.processInput(PhysicalOperator.java:307)
	at org.apache.pig.backend.hadoop.executionengine.physicalLayer.expressionOperators.POProject.getNext(POProject.java:156)
	at org.apache.pig.backend.hadoop.executionengine.physicalLayer.expressionOperators.POProject.getNextDataByteArray(POProject.java:338)
	at org.apache.pig.backend.hadoop.executionengine.physicalLayer.PhysicalOperator.getNext(PhysicalOperator.java:341)
================================================================================
Pig Stack Trace
---------------
ERROR 1000: Error during parsing. Encountered " <IDENTIFIER> "exit "" at line 9, column 1.
Was expecting one of:
    <EOF> 
    "cat" ...
    "clear" ...
    "fs" ...
    "sh" ...
    "cd" ...
    "cp" ...
    "copyFromLocal" ...
    "copyToLocal" ...
    "dump" ...
    "\\d" ...
    "describe" ...
    "\\de" ...
    "aliases" ...
    "explain" ...
    "\\e" ...
    "help" ...
    "history" ...
    "kill" ...
    "ls" ...
    "mv" ...
    "mkdir" ...
    "pwd" ...
    "quit" ...
    "\\q" ...
    "register" ...
    "rm" ...
    "rmf" ...
    "set" ...
    "illustrate" ...
    "\\i" ...
    "run" ...
    "exec" ...
    "scriptDone" ...
    "" ...
    "" ...
    <EOL> ...
    ";" ...
    

org.apache.pig.tools.pigscript.parser.ParseException: Encountered " <IDENTIFIER> "exit "" at line 9, column 1.
Was expecting one of:
    <EOF> 
    "cat" ...
    "clear" ...
    "fs" ...
    "sh" ...
    "cd" ...
    "cp" ...
    "copyFromLocal" ...
    "copyToLocal" ...
    "dump" ...
    "\\d" ...
    "describe" ...
    "\\de" ...
    "aliases" ...
    "explain" ...
    "\\e" ...
    "help" ...
    "history" ...
    "kill" ...
    "ls" ...
    "mv" ...
    "mkdir" ...
    "pwd" ...
    "quit" ...
    "\\q" ...
    "register" ...
    "rm" ...
    "rmf" ...
    "set" ...
    "illustrate" ...
    "\\i" ...
    "run" ...
    "exec" ...
    "scriptDone" ...
    "" ...
    "" ...
    <EOL> ...
    ";" ...
    
	at org.apache.pig.tools.pigscript.parser.PigScriptParser.generateParseException(PigScriptParser.java:1428)
	at org.apache.pig.tools.pigscript.parser.PigScriptParser.handle_invalid_command(PigScriptParser.java:1236)
	at org.apache.pig.tools.pigscript.parser.PigScriptParser.parse(PigScriptParser.java:710)
	at org.apache.pig.tools.grunt.GruntParser.parseStopOnError(GruntParser.java:230)
	at org.apache.pig.tools.grunt.GruntParser.parseStopOnError(GruntParser.java:205)
	at org.apache.pig.tools.grunt.Grunt.run(Grunt.java:66)
	at org.apache.pig.Main.run(Main.java:558)
	at org.apache.pig.Main.main(Main.java:170)
	at sun.reflect.NativeMethodAccessorImpl.invoke0(Native Method)
	at sun.reflect.NativeMethodAccessorImpl.invoke(NativeMethodAccessorImpl.java:57)
	at sun.reflect.DelegatingMethodAccessorImpl.invoke(DelegatingMethodAccessorImpl.java:43)
	at java.lang.reflect.Method.invoke(Method.java:606)
	at org.apache.hadoop.util.RunJar.run(RunJar.java:221)
	at org.apache.hadoop.util.RunJar.main(RunJar.java:136)
================================================================================
Pig Stack Trace
---------------
ERROR 1000: Error during parsing. Encountered " <IDENTIFIER> "exit "" at line 1, column 1.
Was expecting one of:
    <EOF> 
    "cat" ...
    "clear" ...
    "fs" ...
    "sh" ...
    "cd" ...
    "cp" ...
    "copyFromLocal" ...
    "copyToLocal" ...
    "dump" ...
    "\\d" ...
    "describe" ...
    "\\de" ...
    "aliases" ...
    "explain" ...
    "\\e" ...
    "help" ...
    "history" ...
    "kill" ...
    "ls" ...
    "mv" ...
    "mkdir" ...
    "pwd" ...
    "quit" ...
    "\\q" ...
    "register" ...
    "rm" ...
    "rmf" ...
    "set" ...
    "illustrate" ...
    "\\i" ...
    "run" ...
    "exec" ...
    "scriptDone" ...
    "" ...
    "" ...
    <EOL> ...
    ";" ...
    

org.apache.pig.tools.pigscript.parser.ParseException: Encountered " <IDENTIFIER> "exit "" at line 1, column 1.
Was expecting one of:
    <EOF> 
    "cat" ...
    "clear" ...
    "fs" ...
    "sh" ...
    "cd" ...
    "cp" ...
    "copyFromLocal" ...
    "copyToLocal" ...
    "dump" ...
    "\\d" ...
    "describe" ...
    "\\de" ...
    "aliases" ...
    "explain" ...
    "\\e" ...
    "help" ...
    "history" ...
    "kill" ...
    "ls" ...
    "mv" ...
    "mkdir" ...
    "pwd" ...
    "quit" ...
    "\\q" ...
    "register" ...
    "rm" ...
    "rmf" ...
    "set" ...
    "illustrate" ...
    "\\i" ...
    "run" ...
    "exec" ...
    "scriptDone" ...
    "" ...
    "" ...
    <EOL> ...
    ";" ...
    
	at org.apache.pig.tools.pigscript.parser.PigScriptParser.generateParseException(PigScriptParser.java:1428)
	at org.apache.pig.tools.pigscript.parser.PigScriptParser.handle_invalid_command(PigScriptParser.java:1236)
	at org.apache.pig.tools.pigscript.parser.PigScriptParser.parse(PigScriptParser.java:710)
	at org.apache.pig.tools.grunt.GruntParser.parseStopOnError(GruntParser.java:230)
	at org.apache.pig.tools.grunt.GruntParser.parseStopOnError(GruntParser.java:205)
	at org.apache.pig.tools.grunt.Grunt.run(Grunt.java:66)
	at org.apache.pig.Main.run(Main.java:558)
	at org.apache.pig.Main.main(Main.java:170)
	at sun.reflect.NativeMethodAccessorImpl.invoke0(Native Method)
	at sun.reflect.NativeMethodAccessorImpl.invoke(NativeMethodAccessorImpl.java:57)
	at sun.reflect.DelegatingMethodAccessorImpl.invoke(DelegatingMethodAccessorImpl.java:43)
	at java.lang.reflect.Method.invoke(Method.java:606)
	at org.apache.hadoop.util.RunJar.run(RunJar.java:221)
	at org.apache.hadoop.util.RunJar.main(RunJar.java:136)
================================================================================
